# JRE version: OpenJDK Runtime Environment Temurin-17.0.4+8 (17.0.4+8) (build 17.0.4+8)
# Java VM: OpenJDK 64-Bit Server VM Temurin-17.0.4+8 (17.0.4+8, mixed mode, tiered, compressed oops, compressed class ptrs, parallel gc, windows-amd64)
GC Precious Log:
 CPUs: 8 total, 8 available
 Memory: 16250M
 Large Page Support: Disabled
 NUMA Support: Disabled
 Compressed Oops: Enabled (32-bit)
 Alignments: Space 512K, Generation 512K, Heap 2M
 Heap Min Capacity: 100M
 Heap Initial Capacity: 100M
 Heap Max Capacity: 1G
 Pre-touch: Disabled
 Parallel Workers: 8
Heap:
 PSYoungGen      total 12800K, used 7648K [0x00000000eab00000, 0x00000000eba80000, 0x0000000100000000)
  eden space 10752K, 56% used [0x00000000eab00000,0x00000000eb0e2d50,0x00000000eb580000)
  from space 2048K, 79% used [0x00000000eb880000,0x00000000eba153d8,0x00000000eba80000)
  to   space 2048K, 0% used [0x00000000eb600000,0x00000000eb600000,0x00000000eb800000)
 ParOldGen       total 203264K, used 192322K [0x00000000c0000000, 0x00000000cc680000, 0x00000000eab00000)
  object space 203264K, 94% used [0x00000000c0000000,0x00000000cbbd0920,0x00000000cc680000)
 Metaspace       used 71195K, committed 72192K, reserved 1114112K
  class space    used 8512K, committed 8960K, reserved 1048576K
GC Heap History (20 events):
Event: 257.429 GC heap before
{Heap before GC invocations=1400 (full 26):
 PSYoungGen      total 12288K, used 12288K [0x00000000eab00000, 0x00000000eb880000, 0x0000000100000000)
  eden space 10752K, 100% used [0x00000000eab00000,0x00000000eb580000,0x00000000eb580000)
  from space 1536K, 100% used [0x00000000eb700000,0x00000000eb880000,0x00000000eb880000)
  to   space 1536K, 0% used [0x00000000eb580000,0x00000000eb580000,0x00000000eb700000)
 ParOldGen       total 203264K, used 178173K [0x00000000c0000000, 0x00000000cc680000, 0x00000000eab00000)
  object space 203264K, 87% used [0x00000000c0000000,0x00000000cadff718,0x00000000cc680000)
 Metaspace       used 71195K, committed 72192K, reserved 1114112K
  class space    used 8512K, committed 8960K, reserved 1048576K
}
Event: 257.433 GC heap after
{Heap after GC invocations=1400 (full 26):
 PSYoungGen      total 12288K, used 1280K [0x00000000eab00000, 0x00000000eb880000, 0x0000000100000000)
  eden space 10752K, 0% used [0x00000000eab00000,0x00000000eab00000,0x00000000eb580000)
  from space 1536K, 83% used [0x00000000eb580000,0x00000000eb6c0000,0x00000000eb700000)
  to   space 1536K, 0% used [0x00000000eb700000,0x00000000eb700000,0x00000000eb880000)
 ParOldGen       total 203264K, used 179725K [0x00000000c0000000, 0x00000000cc680000, 0x00000000eab00000)
  object space 203264K, 88% used [0x00000000c0000000,0x00000000caf83718,0x00000000cc680000)
 Metaspace       used 71195K, committed 72192K, reserved 1114112K
  class space    used 8512K, committed 8960K, reserved 1048576K
}
Event: 257.459 GC heap before
{Heap before GC invocations=1401 (full 26):
 PSYoungGen      total 12288K, used 12032K [0x00000000eab00000, 0x00000000eb880000, 0x0000000100000000)
  eden space 10752K, 100% used [0x00000000eab00000,0x00000000eb580000,0x00000000eb580000)
  from space 1536K, 83% used [0x00000000eb580000,0x00000000eb6c0000,0x00000000eb700000)
  to   space 1536K, 0% used [0x00000000eb700000,0x00000000eb700000,0x00000000eb880000)
 ParOldGen       total 203264K, used 179725K [0x00000000c0000000, 0x00000000cc680000, 0x00000000eab00000)
  object space 203264K, 88% used [0x00000000c0000000,0x00000000caf83718,0x00000000cc680000)
 Metaspace       used 71195K, committed 72192K, reserved 1114112K
  class space    used 8512K, committed 8960K, reserved 1048576K
}
Event: 257.461 GC heap after
{Heap after GC invocations=1401 (full 26):
 PSYoungGen      total 12288K, used 1536K [0x00000000eab00000, 0x00000000eb880000, 0x0000000100000000)
  eden space 10752K, 0% used [0x00000000eab00000,0x00000000eab00000,0x00000000eb580000)
  from space 1536K, 100% used [0x00000000eb700000,0x00000000eb880000,0x00000000eb880000)
  to   space 1536K, 0% used [0x00000000eb580000,0x00000000eb580000,0x00000000eb700000)
 ParOldGen       total 203264K, used 180549K [0x00000000c0000000, 0x00000000cc680000, 0x00000000eab00000)
  object space 203264K, 88% used [0x00000000c0000000,0x00000000cb051718,0x00000000cc680000)
 Metaspace       used 71195K, committed 72192K, reserved 1114112K
  class space    used 8512K, committed 8960K, reserved 1048576K
}
Event: 257.490 GC heap before
{Heap before GC invocations=1402 (full 26):
 PSYoungGen      total 12288K, used 12288K [0x00000000eab00000, 0x00000000eb880000, 0x0000000100000000)
  eden space 10752K, 100% used [0x00000000eab00000,0x00000000eb580000,0x00000000eb580000)
  from space 1536K, 100% used [0x00000000eb700000,0x00000000eb880000,0x00000000eb880000)
  to   space 1536K, 0% used [0x00000000eb580000,0x00000000eb580000,0x00000000eb700000)
 ParOldGen       total 203264K, used 180549K [0x00000000c0000000, 0x00000000cc680000, 0x00000000eab00000)
  object space 203264K, 88% used [0x00000000c0000000,0x00000000cb051718,0x00000000cc680000)
 Metaspace       used 71195K, committed 72192K, reserved 1114112K
  class space    used 8512K, committed 8960K, reserved 1048576K
}
Event: 257.495 GC heap after
{Heap after GC invocations=1402 (full 26):
 PSYoungGen      total 12288K, used 1216K [0x00000000eab00000, 0x00000000eb880000, 0x0000000100000000)
  eden space 10752K, 0% used [0x00000000eab00000,0x00000000eab00000,0x00000000eb580000)
  from space 1536K, 79% used [0x00000000eb580000,0x00000000eb6b0000,0x00000000eb700000)
  to   space 1536K, 0% used [0x00000000eb700000,0x00000000eb700000,0x00000000eb880000)
 ParOldGen       total 203264K, used 182101K [0x00000000c0000000, 0x00000000cc680000, 0x00000000eab00000)
  object space 203264K, 89% used [0x00000000c0000000,0x00000000cb1d5718,0x00000000cc680000)
 Metaspace       used 71195K, committed 72192K, reserved 1114112K
  class space    used 8512K, committed 8960K, reserved 1048576K
}
Event: 257.524 GC heap before
{Heap before GC invocations=1403 (full 26):
 PSYoungGen      total 12288K, used 11968K [0x00000000eab00000, 0x00000000eb880000, 0x0000000100000000)
  eden space 10752K, 100% used [0x00000000eab00000,0x00000000eb580000,0x00000000eb580000)
  from space 1536K, 79% used [0x00000000eb580000,0x00000000eb6b0000,0x00000000eb700000)
  to   space 1536K, 0% used [0x00000000eb700000,0x00000000eb700000,0x00000000eb880000)
 ParOldGen       total 203264K, used 182101K [0x00000000c0000000, 0x00000000cc680000, 0x00000000eab00000)
  object space 203264K, 89% used [0x00000000c0000000,0x00000000cb1d5718,0x00000000cc680000)
 Metaspace       used 71195K, committed 72192K, reserved 1114112K
  class space    used 8512K, committed 8960K, reserved 1048576K
}
Event: 257.530 GC heap after
{Heap after GC invocations=1403 (full 26):
 PSYoungGen      total 12288K, used 1184K [0x00000000eab00000, 0x00000000eb880000, 0x0000000100000000)
  eden space 10752K, 0% used [0x00000000eab00000,0x00000000eab00000,0x00000000eb580000)
  from space 1536K, 77% used [0x00000000eb700000,0x00000000eb828000,0x00000000eb880000)
  to   space 1536K, 0% used [0x00000000eb580000,0x00000000eb580000,0x00000000eb700000)
 ParOldGen       total 203264K, used 183245K [0x00000000c0000000, 0x00000000cc680000, 0x00000000eab00000)
  object space 203264K, 90% used [0x00000000c0000000,0x00000000cb2f3718,0x00000000cc680000)
 Metaspace       used 71195K, committed 72192K, reserved 1114112K
  class space    used 8512K, committed 8960K, reserved 1048576K
}
Event: 257.562 GC heap before
{Heap before GC invocations=1404 (full 26):
 PSYoungGen      total 12288K, used 11936K [0x00000000eab00000, 0x00000000eb880000, 0x0000000100000000)
  eden space 10752K, 100% used [0x00000000eab00000,0x00000000eb580000,0x00000000eb580000)
  from space 1536K, 77% used [0x00000000eb700000,0x00000000eb828000,0x00000000eb880000)
  to   space 1536K, 0% used [0x00000000eb580000,0x00000000eb580000,0x00000000eb700000)
 ParOldGen       total 203264K, used 183245K [0x00000000c0000000, 0x00000000cc680000, 0x00000000eab00000)
  object space 203264K, 90% used [0x00000000c0000000,0x00000000cb2f3718,0x00000000cc680000)
 Metaspace       used 71195K, committed 72192K, reserved 1114112K
  class space    used 8512K, committed 8960K, reserved 1048576K
}
Event: 257.564 GC heap after
{Heap after GC invocations=1404 (full 26):
 PSYoungGen      total 12288K, used 1216K [0x00000000eab00000, 0x00000000eba00000, 0x0000000100000000)
  eden space 10752K, 0% used [0x00000000eab00000,0x00000000eab00000,0x00000000eb580000)
  from space 1536K, 79% used [0x00000000eb580000,0x00000000eb6b0000,0x00000000eb700000)
  to   space 1536K, 0% used [0x00000000eb880000,0x00000000eb880000,0x00000000eba00000)
 ParOldGen       total 203264K, used 184317K [0x00000000c0000000, 0x00000000cc680000, 0x00000000eab00000)
  object space 203264K, 90% used [0x00000000c0000000,0x00000000cb3ff718,0x00000000cc680000)
 Metaspace       used 71195K, committed 72192K, reserved 1114112K
  class space    used 8512K, committed 8960K, reserved 1048576K
}
Event: 257.677 GC heap before
{Heap before GC invocations=1405 (full 26):
 PSYoungGen      total 12288K, used 11968K [0x00000000eab00000, 0x00000000eba00000, 0x0000000100000000)
  eden space 10752K, 100% used [0x00000000eab00000,0x00000000eb580000,0x00000000eb580000)
  from space 1536K, 79% used [0x00000000eb580000,0x00000000eb6b0000,0x00000000eb700000)
  to   space 1536K, 0% used [0x00000000eb880000,0x00000000eb880000,0x00000000eba00000)
 ParOldGen       total 203264K, used 184317K [0x00000000c0000000, 0x00000000cc680000, 0x00000000eab00000)
  object space 203264K, 90% used [0x00000000c0000000,0x00000000cb3ff718,0x00000000cc680000)
 Metaspace       used 71195K, committed 72192K, reserved 1114112K
  class space    used 8512K, committed 8960K, reserved 1048576K
}
Event: 257.681 GC heap after
{Heap after GC invocations=1405 (full 26):
 PSYoungGen      total 12288K, used 1088K [0x00000000eab00000, 0x00000000eba00000, 0x0000000100000000)
  eden space 10752K, 0% used [0x00000000eab00000,0x00000000eab00000,0x00000000eb580000)
  from space 1536K, 70% used [0x00000000eb880000,0x00000000eb990000,0x00000000eba00000)
  to   space 1536K, 0% used [0x00000000eb580000,0x00000000eb580000,0x00000000eb700000)
 ParOldGen       total 203264K, used 185413K [0x00000000c0000000, 0x00000000cc680000, 0x00000000eab00000)
  object space 203264K, 91% used [0x00000000c0000000,0x00000000cb511718,0x00000000cc680000)
 Metaspace       used 71195K, committed 72192K, reserved 1114112K
  class space    used 8512K, committed 8960K, reserved 1048576K
}
Event: 257.725 GC heap before
{Heap before GC invocations=1406 (full 26):
 PSYoungGen      total 12288K, used 11840K [0x00000000eab00000, 0x00000000eba00000, 0x0000000100000000)
  eden space 10752K, 100% used [0x00000000eab00000,0x00000000eb580000,0x00000000eb580000)
  from space 1536K, 70% used [0x00000000eb880000,0x00000000eb990000,0x00000000eba00000)
  to   space 1536K, 0% used [0x00000000eb580000,0x00000000eb580000,0x00000000eb700000)
 ParOldGen       total 203264K, used 185413K [0x00000000c0000000, 0x00000000cc680000, 0x00000000eab00000)
  object space 203264K, 91% used [0x00000000c0000000,0x00000000cb511718,0x00000000cc680000)
 Metaspace       used 71195K, committed 72192K, reserved 1114112K
  class space    used 8512K, committed 8960K, reserved 1048576K
}
Event: 257.730 GC heap after
{Heap after GC invocations=1406 (full 26):
 PSYoungGen      total 12288K, used 1536K [0x00000000eab00000, 0x00000000eba00000, 0x0000000100000000)
  eden space 10752K, 0% used [0x00000000eab00000,0x00000000eab00000,0x00000000eb580000)
  from space 1536K, 100% used [0x00000000eb580000,0x00000000eb700000,0x00000000eb700000)
  to   space 1536K, 0% used [0x00000000eb880000,0x00000000eb880000,0x00000000eba00000)
 ParOldGen       total 203264K, used 186013K [0x00000000c0000000, 0x00000000cc680000, 0x00000000eab00000)
  object space 203264K, 91% used [0x00000000c0000000,0x00000000cb5a7718,0x00000000cc680000)
 Metaspace       used 71195K, committed 72192K, reserved 1114112K
  class space    used 8512K, committed 8960K, reserved 1048576K
}
Event: 257.776 GC heap before
{Heap before GC invocations=1407 (full 26):
 PSYoungGen      total 12288K, used 12288K [0x00000000eab00000, 0x00000000eba00000, 0x0000000100000000)
  eden space 10752K, 100% used [0x00000000eab00000,0x00000000eb580000,0x00000000eb580000)
  from space 1536K, 100% used [0x00000000eb580000,0x00000000eb700000,0x00000000eb700000)
  to   space 1536K, 0% used [0x00000000eb880000,0x00000000eb880000,0x00000000eba00000)
 ParOldGen       total 203264K, used 186013K [0x00000000c0000000, 0x00000000cc680000, 0x00000000eab00000)
  object space 203264K, 91% used [0x00000000c0000000,0x00000000cb5a7718,0x00000000cc680000)
 Metaspace       used 71195K, committed 72192K, reserved 1114112K
  class space    used 8512K, committed 8960K, reserved 1048576K
}
Event: 257.778 GC heap after
{Heap after GC invocations=1407 (full 26):
 PSYoungGen      total 12288K, used 1280K [0x00000000eab00000, 0x00000000eba00000, 0x0000000100000000)
  eden space 10752K, 0% used [0x00000000eab00000,0x00000000eab00000,0x00000000eb580000)
  from space 1536K, 83% used [0x00000000eb880000,0x00000000eb9c0000,0x00000000eba00000)
  to   space 2048K, 0% used [0x00000000eb600000,0x00000000eb600000,0x00000000eb800000)
 ParOldGen       total 203264K, used 187517K [0x00000000c0000000, 0x00000000cc680000, 0x00000000eab00000)
  object space 203264K, 92% used [0x00000000c0000000,0x00000000cb71f718,0x00000000cc680000)
 Metaspace       used 71195K, committed 72192K, reserved 1114112K
  class space    used 8512K, committed 8960K, reserved 1048576K
}
Event: 257.813 GC heap before
{Heap before GC invocations=1408 (full 26):
 PSYoungGen      total 12288K, used 12032K [0x00000000eab00000, 0x00000000eba00000, 0x0000000100000000)
  eden space 10752K, 100% used [0x00000000eab00000,0x00000000eb580000,0x00000000eb580000)
  from space 1536K, 83% used [0x00000000eb880000,0x00000000eb9c0000,0x00000000eba00000)
  to   space 2048K, 0% used [0x00000000eb600000,0x00000000eb600000,0x00000000eb800000)
 ParOldGen       total 203264K, used 187517K [0x00000000c0000000, 0x00000000cc680000, 0x00000000eab00000)
  object space 203264K, 92% used [0x00000000c0000000,0x00000000cb71f718,0x00000000cc680000)
 Metaspace       used 71195K, committed 72192K, reserved 1114112K
  class space    used 8512K, committed 8960K, reserved 1048576K
}
Event: 257.816 GC heap after
{Heap after GC invocations=1408 (full 26):
 PSYoungGen      total 12800K, used 2048K [0x00000000eab00000, 0x00000000eba00000, 0x0000000100000000)
  eden space 10752K, 0% used [0x00000000eab00000,0x00000000eab00000,0x00000000eb580000)
  from space 2048K, 100% used [0x00000000eb600000,0x00000000eb800000,0x00000000eb800000)
  to   space 1536K, 0% used [0x00000000eb880000,0x00000000eb880000,0x00000000eba00000)
 ParOldGen       total 203264K, used 187858K [0x00000000c0000000, 0x00000000cc680000, 0x00000000eab00000)
  object space 203264K, 92% used [0x00000000c0000000,0x00000000cb774920,0x00000000cc680000)
 Metaspace       used 71195K, committed 72192K, reserved 1114112K
  class space    used 8512K, committed 8960K, reserved 1048576K
}
Event: 257.847 GC heap before
{Heap before GC invocations=1409 (full 26):
 PSYoungGen      total 12800K, used 12800K [0x00000000eab00000, 0x00000000eba00000, 0x0000000100000000)
  eden space 10752K, 100% used [0x00000000eab00000,0x00000000eb580000,0x00000000eb580000)
  from space 2048K, 100% used [0x00000000eb600000,0x00000000eb800000,0x00000000eb800000)
  to   space 1536K, 0% used [0x00000000eb880000,0x00000000eb880000,0x00000000eba00000)
 ParOldGen       total 203264K, used 187858K [0x00000000c0000000, 0x00000000cc680000, 0x00000000eab00000)
  object space 203264K, 92% used [0x00000000c0000000,0x00000000cb774920,0x00000000cc680000)
 Metaspace       used 71195K, committed 72192K, reserved 1114112K
  class space    used 8512K, committed 8960K, reserved 1048576K
}
Event: 257.850 GC heap after
{Heap after GC invocations=1409 (full 26):
 PSYoungGen      total 12288K, used 1216K [0x00000000eab00000, 0x00000000eba00000, 0x0000000100000000)
  eden space 10752K, 0% used [0x00000000eab00000,0x00000000eab00000,0x00000000eb580000)
  from space 1536K, 79% used [0x00000000eb880000,0x00000000eb9b0000,0x00000000eba00000)
  to   space 2048K, 0% used [0x00000000eb600000,0x00000000eb600000,0x00000000eb800000)
 ParOldGen       total 203264K, used 189914K [0x00000000c0000000, 0x00000000cc680000, 0x00000000eab00000)
  object space 203264K, 93% used [0x00000000c0000000,0x00000000cb976920,0x00000000cc680000)
 Metaspace       used 71195K, committed 72192K, reserved 1114112K
  class space    used 8512K, committed 8960K, reserved 1048576K
}

